c:\users\usmaaslam\desktop\playsound\debug\vc142.pdb
c:\users\usmaaslam\desktop\playsound\debug\vc142.idb
c:\users\usmaaslam\desktop\playsound\debug\usersongplaylist.obj
c:\users\usmaaslam\desktop\playsound\debug\user.obj
c:\users\usmaaslam\desktop\playsound\debug\songs.obj
c:\users\usmaaslam\desktop\playsound\debug\sadsongplaylist.obj
c:\users\usmaaslam\desktop\playsound\debug\playsound.obj
c:\users\usmaaslam\desktop\playsound\debug\playlist.obj
c:\users\usmaaslam\desktop\playsound\debug\oldsongplaylist.obj
c:\users\usmaaslam\desktop\playsound\debug\musicplayer.obj
c:\users\usmaaslam\desktop\playsound\debug\main.obj
c:\users\usmaaslam\desktop\playsound\debug\folksongplaylist.obj
c:\users\usmaaslam\desktop\playsound\debug\playsound.exe
c:\users\usmaaslam\desktop\playsound\debug\playsound.ilk
c:\users\usmaaslam\desktop\playsound\debug\playsound.pdb
c:\users\usmaaslam\desktop\playsound\debug\playsound.tlog\cl.command.1.tlog
c:\users\usmaaslam\desktop\playsound\debug\playsound.tlog\cl.read.1.tlog
c:\users\usmaaslam\desktop\playsound\debug\playsound.tlog\cl.write.1.tlog
c:\users\usmaaslam\desktop\playsound\debug\playsound.tlog\link.command.1.tlog
c:\users\usmaaslam\desktop\playsound\debug\playsound.tlog\link.read.1.tlog
c:\users\usmaaslam\desktop\playsound\debug\playsound.tlog\link.write.1.tlog
